Arguments: 
  /Users/gang-eunsol/.nvm/versions/node/v11.4.0/bin/node /Users/gang-eunsol/.nvm/versions/node/v11.4.0/bin/yarn add tsnode

PATH: 
  /Users/gang-eunsol/.nvm/versions/node/v11.4.0/bin:/usr/local/bin:/usr/bin:/bin:/usr/sbin:/sbin

Yarn version: 
  1.21.1

Node version: 
  11.4.0

Platform: 
  darwin x64

Trace: 
  Error: https://registry.yarnpkg.com/tsnode: Not found
      at Request.params.callback [as _callback] (/Users/gang-eunsol/.nvm/versions/node/v11.4.0/lib/node_modules/yarn/lib/cli.js:66947:18)
      at Request.self.callback (/Users/gang-eunsol/.nvm/versions/node/v11.4.0/lib/node_modules/yarn/lib/cli.js:140665:22)
      at Request.emit (events.js:189:13)
      at Request.<anonymous> (/Users/gang-eunsol/.nvm/versions/node/v11.4.0/lib/node_modules/yarn/lib/cli.js:141637:10)
      at Request.emit (events.js:189:13)
      at IncomingMessage.<anonymous> (/Users/gang-eunsol/.nvm/versions/node/v11.4.0/lib/node_modules/yarn/lib/cli.js:141559:12)
      at Object.onceWrapper (events.js:277:13)
      at IncomingMessage.emit (events.js:194:15)
      at endReadableNT (_stream_readable.js:1107:12)
      at process.internalTickCallback (internal/process/next_tick.js:72:19)

npm manifest: 
  {
    "name": "keepticon",
    "version": "0.0.0",
    "private": true,
    "scripts": {
      "start": "tsc && nodemon dist"
    },
    "dependencies": {
      "@types/node": "^12.12.21",
      "body-parser": "^1.19.0",
      "cookie-parser": "~1.4.4",
      "debug": "~2.6.9",
      "dotenv-safe": "^8.2.0",
      "express": "^4.16.4",
      "http-errors": "~1.6.3",
      "mongoose": "^5.8.2",
      "morgan": "^1.9.1",
      "pug": "2.0.0-beta11"
    },
    "devDependencies": {
      "@types/express": "^4.17.2",
      "jest": "^24.9.0",
      "ts-jest": "^24.2.0",
      "tslint": "^5.20.1",
      "tslint-config-airbnb": "^5.11.2",
      "typescript": "^3.7.4"
    }
  }

yarn manifest: 
  No manifest

Lockfile: 
  No lockfile
